0 info it worked if it ends with ok
1 verbose cli [ 'node', '/usr/local/bin/npm', 'install', 'sourcemaps' ]
2 info using npm@2.13.5
3 info using node@v0.12.2
4 verbose install initial load of /Users/nathanbrenner/Desktop/repos/weatherForecastApp/package.json
5 verbose installManyTop reading scoped package data from /Users/nathanbrenner/Desktop/repos/weatherForecastApp/node_modules/gulp/package.json
6 verbose installManyTop reading scoped package data from /Users/nathanbrenner/Desktop/repos/weatherForecastApp/node_modules/gulp-concat/package.json
7 verbose readDependencies loading dependencies from /Users/nathanbrenner/Desktop/repos/weatherForecastApp/package.json
8 silly cache add args [ 'sourcemaps', null ]
9 verbose cache add spec sourcemaps
10 silly cache add parsed spec { raw: 'sourcemaps',
10 silly cache add   scope: null,
10 silly cache add   name: 'sourcemaps',
10 silly cache add   rawSpec: '',
10 silly cache add   spec: '*',
10 silly cache add   type: 'range' }
11 silly addNamed sourcemaps@*
12 verbose addNamed "*" is a valid semver range for sourcemaps
13 silly addNameRange { name: 'sourcemaps', range: '*', hasData: false }
14 silly mapToRegistry name sourcemaps
15 silly mapToRegistry using default registry
16 silly mapToRegistry registry https://registry.npmjs.org/
17 silly mapToRegistry uri https://registry.npmjs.org/sourcemaps
18 verbose addNameRange registry:https://registry.npmjs.org/sourcemaps not in flight; fetching
19 verbose request uri https://registry.npmjs.org/sourcemaps
20 verbose request no auth needed
21 info attempt registry request try #1 at 10:48:49 PM
22 verbose request id 06aac387d4a2c323
23 http request GET https://registry.npmjs.org/sourcemaps
24 http 404 https://registry.npmjs.org/sourcemaps
25 verbose headers { 'content-type': 'application/json',
25 verbose headers   'cache-control': 'max-age=0',
25 verbose headers   'content-length': '2',
25 verbose headers   'accept-ranges': 'bytes',
25 verbose headers   date: 'Tue, 25 Aug 2015 05:48:54 GMT',
25 verbose headers   via: '1.1 varnish',
25 verbose headers   age: '0',
25 verbose headers   connection: 'keep-alive',
25 verbose headers   'x-served-by': 'cache-sjc3124-SJC',
25 verbose headers   'x-cache': 'MISS',
25 verbose headers   'x-cache-hits': '0',
25 verbose headers   'x-timer': 'S1440481734.358848,VS0,VE339' }
26 silly get cb [ 404,
26 silly get   { 'content-type': 'application/json',
26 silly get     'cache-control': 'max-age=0',
26 silly get     'content-length': '2',
26 silly get     'accept-ranges': 'bytes',
26 silly get     date: 'Tue, 25 Aug 2015 05:48:54 GMT',
26 silly get     via: '1.1 varnish',
26 silly get     age: '0',
26 silly get     connection: 'keep-alive',
26 silly get     'x-served-by': 'cache-sjc3124-SJC',
26 silly get     'x-cache': 'MISS',
26 silly get     'x-cache-hits': '0',
26 silly get     'x-timer': 'S1440481734.358848,VS0,VE339' } ]
27 verbose stack Error: Registry returned 404 for GET on https://registry.npmjs.org/sourcemaps
27 verbose stack     at CachingRegistryClient.<anonymous> (/usr/local/lib/node_modules/npm/node_modules/npm-registry-client/lib/request.js:239:14)
27 verbose stack     at Request._callback (/usr/local/lib/node_modules/npm/node_modules/npm-registry-client/lib/request.js:170:14)
27 verbose stack     at Request.self.callback (/usr/local/lib/node_modules/npm/node_modules/request/request.js:198:22)
27 verbose stack     at Request.emit (events.js:110:17)
27 verbose stack     at Request.<anonymous> (/usr/local/lib/node_modules/npm/node_modules/request/request.js:1057:14)
27 verbose stack     at Request.emit (events.js:129:20)
27 verbose stack     at IncomingMessage.<anonymous> (/usr/local/lib/node_modules/npm/node_modules/request/request.js:1003:12)
27 verbose stack     at IncomingMessage.emit (events.js:129:20)
27 verbose stack     at _stream_readable.js:908:16
27 verbose stack     at process._tickCallback (node.js:355:11)
28 verbose statusCode 404
29 verbose pkgid sourcemaps
30 verbose cwd /Users/nathanbrenner/Desktop/repos/weatherForecastApp
31 error Darwin 14.4.0
32 error argv "node" "/usr/local/bin/npm" "install" "sourcemaps"
33 error node v0.12.2
34 error npm  v2.13.5
35 error code E404
36 error 404 Registry returned 404 for GET on https://registry.npmjs.org/sourcemaps
36 error 404
36 error 404 'sourcemaps' is not in the npm registry.
36 error 404 You should bug the author to publish it (or use the name yourself!)
36 error 404 It was specified as a dependency of 'weatherforecastapp'
36 error 404
36 error 404 Note that you can also install from a
36 error 404 tarball, folder, http url, or git url.
37 verbose exit [ 1, true ]
